[1.165s] Invoking command in '/home/vlad/ros2/src/lidar': CONDA_PROMPT_MODIFIER=(base) DEBUGINFOD_URLS=https://debuginfod.ubuntu.com PYTHONPATH=/home/vlad/ros2/build/lidar/prefix_override:/usr/lib/python3/dist-packages/colcon_core/task/python/colcon_distutils_commands:/home/vlad/ros2/install/lidar/lib/python3.12/site-packages:${PYTHONPATH} /usr/bin/python3 -W ignore:setup.py install is deprecated -W ignore:easy_install command is deprecated setup.py egg_info --egg-base ../../build/lidar build --build-base /home/vlad/ros2/build/lidar/build install --record /home/vlad/ros2/build/lidar/install.log --single-version-externally-managed install_data
[1.443s] running egg_info
[1.463s] writing ../../build/lidar/lidar.egg-info/PKG-INFO
[1.464s] writing dependency_links to ../../build/lidar/lidar.egg-info/dependency_links.txt
[1.464s] writing entry points to ../../build/lidar/lidar.egg-info/entry_points.txt
[1.464s] writing requirements to ../../build/lidar/lidar.egg-info/requires.txt
[1.464s] writing top-level names to ../../build/lidar/lidar.egg-info/top_level.txt
[1.510s] reading manifest file '../../build/lidar/lidar.egg-info/SOURCES.txt'
[1.511s] writing manifest file '../../build/lidar/lidar.egg-info/SOURCES.txt'
[1.511s] running build
[1.511s] running build_py
[1.512s] running install
[1.518s] running install_lib
[1.539s] running install_data
[1.539s] running install_egg_info
[1.562s] removing '/home/vlad/ros2/install/lidar/lib/python3.12/site-packages/lidar-0.0.0-py3.12.egg-info' (and everything under it)
[1.562s] Copying ../../build/lidar/lidar.egg-info to /home/vlad/ros2/install/lidar/lib/python3.12/site-packages/lidar-0.0.0-py3.12.egg-info
[1.563s] running install_scripts
[1.709s] Installing lidar script to /home/vlad/ros2/install/lidar/lib/lidar
[1.709s] writing list of installed files to '/home/vlad/ros2/build/lidar/install.log'
[1.742s] Invoked command in '/home/vlad/ros2/src/lidar' returned '0': CONDA_PROMPT_MODIFIER=(base) DEBUGINFOD_URLS=https://debuginfod.ubuntu.com PYTHONPATH=/home/vlad/ros2/build/lidar/prefix_override:/usr/lib/python3/dist-packages/colcon_core/task/python/colcon_distutils_commands:/home/vlad/ros2/install/lidar/lib/python3.12/site-packages:${PYTHONPATH} /usr/bin/python3 -W ignore:setup.py install is deprecated -W ignore:easy_install command is deprecated setup.py egg_info --egg-base ../../build/lidar build --build-base /home/vlad/ros2/build/lidar/build install --record /home/vlad/ros2/build/lidar/install.log --single-version-externally-managed install_data
